###############################################################################
#                                                                             #
# IAR C/C++ Compiler V5.60.5.50814/W32 for MSP430       15/Apr/2014  14:59:37 #
# Copyright 1996-2013 IAR Systems AB.                                         #
#                                                                             #
#    __rt_version  =  3                                                       #
#    __double_size =  32                                                      #
#    __reg_r4      =  free                                                    #
#    __reg_r5      =  free                                                    #
#    __pic         =  no                                                      #
#    __core        =  430X                                                    #
#    __data_model  =  small                                                   #
#    Source file   =  C:\Users\Nathan\Documents\GitHub\ece306-linefollower\in #
#                     terrupts.c                                              #
#    Command line  =  C:\Users\Nathan\Documents\GitHub\ece306-linefollower\in #
#                     terrupts.c -lC C:\Users\Nathan\Documents\GitHub\ece306- #
#                     linefollower\Debug\List\ -o                             #
#                     C:\Users\Nathan\Documents\GitHub\ece306-linefollower\De #
#                     bug\Obj\ --no_cse --no_unroll --no_inline               #
#                     --no_code_motion --no_tbaa --debug -D__MSP430FR5739__   #
#                     -e --double=32 --dlib_config "C:\Program Files          #
#                     (x86)\IAR Systems\Embedded Workbench                    #
#                     6.5\430\LIB\DLIB\dl430xsfn.h" --core=430X               #
#                     --data_model=small -Ol --multiplier=32                  #
#                     --multiplier_location=4C0 --hw_workaround=CPU40         #
#    List file     =  C:\Users\Nathan\Documents\GitHub\ece306-linefollower\De #
#                     bug\List\interrupts.lst                                 #
#    Object file   =  C:\Users\Nathan\Documents\GitHub\ece306-linefollower\De #
#                     bug\Obj\interrupts.r43                                  #
#                                                                             #
#                                                                             #
###############################################################################

C:\Users\Nathan\Documents\GitHub\ece306-linefollower\interrupts.c
      1          #include  "msp430.h"

   \                                 In  segment DATA16_AN, at 0x700
   \   union <unnamed> _A_ADC10CTL0_L
   \                     _A_ADC10CTL0_L:
   \   000000                DS8 2

   \                                 In  segment DATA16_AN, at 0x702
   \   union <unnamed> _A_ADC10CTL1_L
   \                     _A_ADC10CTL1_L:
   \   000000                DS8 2

   \                                 In  segment DATA16_AN, at 0x704
   \   union <unnamed> _A_ADC10CTL2_L
   \                     _A_ADC10CTL2_L:
   \   000000                DS8 2

   \                                 In  segment DATA16_AN, at 0x70a
   \   union <unnamed> _A_ADC10MCTL0_L
   \                     _A_ADC10MCTL0_L:
   \   000000                DS8 2

   \                                 In  segment DATA16_AN, at 0x71a
   \   union <unnamed> _A_ADC10IE_L
   \                     _A_ADC10IE_L:
   \   000000                DS8 2

   \                                 In  segment DATA16_AN, at 0x238
   \   union <unnamed> _A_PBIES_L
   \                     _A_PBIES_L:
   \   000000                DS8 2

   \                                 In  segment DATA16_AN, at 0x23a
   \   union <unnamed> _A_PBIE_L
   \                     _A_PBIE_L:
   \   000000                DS8 2

   \                                 In  segment DATA16_AN, at 0x23c
   \   union <unnamed> _A_PBIFG_L
   \                     _A_PBIFG_L:
   \   000000                DS8 2

   \                                 In  segment DATA16_AN, at 0x340
   \   unsigned short volatile TA0CTL
   \                     TA0CTL:
   \   000000                DS8 2

   \                                 In  segment DATA16_AN, at 0x342
   \   unsigned short volatile TA0CCTL0
   \                     TA0CCTL0:
   \   000000                DS8 2

   \                                 In  segment DATA16_AN, at 0x352
   \   unsigned short volatile TA0CCR0
   \                     TA0CCR0:
   \   000000                DS8 2

   \                                 In  segment DATA16_AN, at 0x360
   \   unsigned short volatile TA0EX0
   \                     TA0EX0:
   \   000000                DS8 2

   \                                 In  segment DATA16_AN, at 0x380
   \   unsigned short volatile TA1CTL
   \                     TA1CTL:
   \   000000                DS8 2

   \                                 In  segment DATA16_AN, at 0x392
   \   unsigned short volatile TA1CCR0
   \                     TA1CCR0:
   \   000000                DS8 2

   \                                 In  segment DATA16_AN, at 0x3a0
   \   unsigned short volatile TA1EX0
   \                     TA1EX0:
   \   000000                DS8 2
      2          #include  "functions.h"
      3          #include  "macros.h"
      4          
      5          //volatile int Time = 0;

   \                                 In  segment DATA16_I, align 2, align-sorted
   \   000000                REQUIRE ?cstart_init_copy
      6          volatile int sw1Debounce = DISABLE_DEBOUNCE, sw2Debounce = DISABLE_DEBOUNCE;
   \                     sw1Debounce:
   \   000000                DS8 2
   \   000002                REQUIRE `?<Initializer for sw1Debounce>`

   \                                 In  segment DATA16_I, align 2, align-sorted
   \   000000                REQUIRE ?cstart_init_copy
   \                     sw2Debounce:
   \   000000                DS8 2
   \   000002                REQUIRE `?<Initializer for sw2Debounce>`
      7          

   \                                 In  segment CODE, align 2
      8          void Init_Interrupts(void)
   \                     Init_Interrupts:
      9          {
     10          	Serial_Init();
   \   000000   ........     CALLA   #Serial_Init
     11          	
     12          	P4IFG &= ~SW1;
   \   000004   D2C33D02     BIC.B   #0x1, &0x23d
     13          	P4IFG &= ~SW2;
   \   000008   E2C33D02     BIC.B   #0x2, &0x23d
     14          	P4IE |= SW1;
   \   00000C   D2D33B02     BIS.B   #0x1, &0x23b
     15          	P4IE |= SW2;
   \   000010   E2D33B02     BIS.B   #0x2, &0x23b
     16          	P4IES |= SW1 | SW2;
   \   000014   F2D003003902 BIS.B   #0x3, &0x239
     17          	
     18          	TA0CTL |= TASSEL__SMCLK;
   \   00001A   B2D000024003 BIS.W   #0x200, &0x340
     19          	TA0CTL |= TACLR;
   \   000020   A2D24003     BIS.W   #0x4, &0x340
     20          	TA0CTL |= MC__UP;
   \   000024   B2D010004003 BIS.W   #0x10, &0x340
     21          	TA0CTL |= ID__2;
   \   00002A   B2D040004003 BIS.W   #0x40, &0x340
     22          	TA0CTL &= ~TAIE;
   \   000030   A2C34003     BIC.W   #0x2, &0x340
     23          	TA0CTL &= ~TAIFG;
   \   000034   92C34003     BIC.W   #0x1, &0x340
     24          	
     25          	TA0EX0 = TAIDEX_7;
   \   000038   B24007006003 MOV.W   #0x7, &0x360
     26          	TA0CCR0 = TA0_ROLLOVER; //1ms
   \   00003E   B240F4015203 MOV.W   #0x1f4, &0x352
     27          	TA0CCTL0 |= CCIE; 
   \   000044   B2D010004203 BIS.W   #0x10, &0x342
     28                  
     29                  TA1CTL |= TASSEL__SMCLK;
   \   00004A   B2D000028003 BIS.W   #0x200, &0x380
     30          	TA1CTL |= TACLR;
   \   000050   A2D28003     BIS.W   #0x4, &0x380
     31          	TA1CTL |= MC__UP;
   \   000054   B2D010008003 BIS.W   #0x10, &0x380
     32          	TA1CTL |= ID__2;
   \   00005A   B2D040008003 BIS.W   #0x40, &0x380
     33          	TA1CTL &= ~TAIE;
   \   000060   A2C38003     BIC.W   #0x2, &0x380
     34          	TA1CTL &= ~TAIFG;
   \   000064   92C38003     BIC.W   #0x1, &0x380
     35                  
     36                  TA1EX0 = TAIDEX_3;
   \   000068   B2400300A003 MOV.W   #0x3, &0x3a0
     37                  TA1CCR0 = 100;
   \   00006E   B24064009203 MOV.W   #0x64, &0x392
     38                  //TA1CCTL0 |= CCIE;
     39          		
     40          		
     41          	//Init ADC
     42          #define RESET_STATE (0); 
     43          	ADC10CTL0 = RESET_STATE; // Clear ADC10CTL0
   \   000074   82430007     MOV.W   #0x0, &0x700
     44          	ADC10CTL0 |= ADC10SHT_2; // 16 ADC clocks
   \   000078   B2D000020007 BIS.W   #0x200, &0x700
     45          	ADC10CTL0 &= ~ADC10MSC; // Single Sequence
   \   00007E   B2C080000007 BIC.W   #0x80, &0x700
     46          	ADC10CTL0 |= ADC10ON; // ADC ON - Core Enabled
   \   000084   B2D010000007 BIS.W   #0x10, &0x700
     47          	
     48          	ADC10CTL1 = RESET_STATE; // Clear ADC10CTL1
   \   00008A   82430207     MOV.W   #0x0, &0x702
     49          	ADC10CTL1 |= ADC10SHS_0; // ADC10SC bit
   \   00008E   924202070207 MOV.W   &0x702, &0x702
     50          	ADC10CTL1 |= ADC10SHP; // SAMPCON signal sourced from sampling timer
   \   000094   B2D000020207 BIS.W   #0x200, &0x702
     51          	ADC10CTL1 &= ~ADC10ISSH; // The sample-input signal is not inverted.
   \   00009A   B2C000010207 BIC.W   #0x100, &0x702
     52          	ADC10CTL1 |= ADC10DIV_0; // ADC10_B clock divider – Divide by 1.
   \   0000A0   924202070207 MOV.W   &0x702, &0x702
     53          	ADC10CTL1 |= ADC10SSEL_0; // MODCLK
   \   0000A6   924202070207 MOV.W   &0x702, &0x702
     54          	ADC10CTL1 |= ADC10CONSEQ_0; // Single-channel, single-conversion
   \   0000AC   924202070207 MOV.W   &0x702, &0x702
     55          	
     56          	ADC10CTL2 = RESET_STATE; // Clear ADC10CTL2
   \   0000B2   82430407     MOV.W   #0x0, &0x704
     57          	ADC10CTL2 |= ADC10DIV_0; // Pre-divide by 1
   \   0000B6   924204070407 MOV.W   &0x704, &0x704
     58          	ADC10CTL2 |= ADC10RES; // 10-bit resolution
   \   0000BC   B2D010000407 BIS.W   #0x10, &0x704
     59          	ADC10CTL2 &= ~ADC10DF; // Binary unsigned
   \   0000C2   B2C20407     BIC.W   #0x8, &0x704
     60          	ADC10CTL2 &= ~ADC10SR; // supports up to approximately 200 ksps
   \   0000C6   A2C20407     BIC.W   #0x4, &0x704
     61          	
     62          	ADC10MCTL0 = RESET_STATE; // Clear ADC10MCTL0
   \   0000CA   82430A07     MOV.W   #0x0, &0x70a
     63          	ADC10MCTL0 |= ADC10SREF_0; // V(R+) = AVCC and V(R-) = AVSS
   \   0000CE   92420A070A07 MOV.W   &0x70a, &0x70a
     64          	ADC10MCTL0 |= ADC10INCH_3; // Channel A3 Thumb Wheel
   \   0000D4   B2D003000A07 BIS.W   #0x3, &0x70a
     65          	ADC10IE |= ADC10IE0; // Enable ADC conversion complete interrupt
   \   0000DA   92D31A07     BIS.W   #0x1, &0x71a
     66          }
   \   0000DE   1001         RETA
   \   0000E0                REQUIRE _A_PBIFG_L
   \   0000E0                REQUIRE _A_PBIE_L
   \   0000E0                REQUIRE _A_PBIES_L
   \   0000E0                REQUIRE TA0CTL
   \   0000E0                REQUIRE TA0EX0
   \   0000E0                REQUIRE TA0CCR0
   \   0000E0                REQUIRE TA0CCTL0
   \   0000E0                REQUIRE TA1CTL
   \   0000E0                REQUIRE TA1EX0
   \   0000E0                REQUIRE TA1CCR0
   \   0000E0                REQUIRE _A_ADC10CTL0_L
   \   0000E0                REQUIRE _A_ADC10CTL1_L
   \   0000E0                REQUIRE _A_ADC10CTL2_L
   \   0000E0                REQUIRE _A_ADC10MCTL0_L
   \   0000E0                REQUIRE _A_ADC10IE_L

   \                                 In  segment DATA16_ID, align 2, align-sorted
   \                     `?<Initializer for sw1Debounce>`:
   \   000000   FFFF         DC16 -1

   \                                 In  segment DATA16_ID, align 2, align-sorted
   \                     `?<Initializer for sw2Debounce>`:
   \   000000   FFFF         DC16 -1

   Maximum stack usage in bytes:

   CSTACK Function
   ------ --------
      4   Init_Interrupts
        4   -> Serial_Init


   Segment part sizes:

   Bytes  Function/Label
   -----  --------------
       2  ?<Initializer for sw1Debounce>
       2  ?<Initializer for sw2Debounce>
     224  Init_Interrupts
       2  TA0CCR0
       2  TA0CCTL0
       2  TA0CTL
       2  TA0EX0
       2  TA1CCR0
       2  TA1CTL
       2  TA1EX0
       2  _A_ADC10CTL0_L
       2  _A_ADC10CTL1_L
       2  _A_ADC10CTL2_L
       2  _A_ADC10IE_L
       2  _A_ADC10MCTL0_L
       2  _A_PBIES_L
       2  _A_PBIE_L
       2  _A_PBIFG_L
       2  sw1Debounce
       2  sw2Debounce

 
 224 bytes in segment CODE
  30 bytes in segment DATA16_AN
   4 bytes in segment DATA16_I
   4 bytes in segment DATA16_ID
 
 224 bytes of CODE  memory
   4 bytes of CONST memory
   4 bytes of DATA  memory (+ 30 bytes shared)

Errors: none
Warnings: none
